timestamp: 2012-11-07T20:51:58.561433
CREATE TABLE auth_user(
    id INTEGER PRIMARY KEY AUTOINCREMENT,
    first_name CHAR(128),
    last_name CHAR(128),
    email CHAR(512),
    password CHAR(512),
    registration_key CHAR(512),
    reset_password_key CHAR(512),
    registration_id CHAR(512)
);
success!
timestamp: 2012-11-07T20:51:58.704126
CREATE TABLE auth_group(
    id INTEGER PRIMARY KEY AUTOINCREMENT,
    role CHAR(512),
    description TEXT
);
success!
timestamp: 2012-11-07T20:51:58.836629
CREATE TABLE auth_membership(
    id INTEGER PRIMARY KEY AUTOINCREMENT,
    user_id INTEGER REFERENCES auth_user (id) ON DELETE CASCADE,
    group_id INTEGER REFERENCES auth_group (id) ON DELETE CASCADE
);
success!
timestamp: 2012-11-07T20:51:59.011873
CREATE TABLE auth_permission(
    id INTEGER PRIMARY KEY AUTOINCREMENT,
    group_id INTEGER REFERENCES auth_group (id) ON DELETE CASCADE,
    name CHAR(512),
    table_name CHAR(512),
    record_id INTEGER
);
success!
timestamp: 2012-11-07T20:51:59.153018
CREATE TABLE auth_event(
    id INTEGER PRIMARY KEY AUTOINCREMENT,
    time_stamp TIMESTAMP,
    client_ip CHAR(512),
    user_id INTEGER REFERENCES auth_user (id) ON DELETE CASCADE,
    origin CHAR(512),
    description TEXT
);
success!
timestamp: 2012-11-07T20:51:59.345527
CREATE TABLE auth_cas(
    id INTEGER PRIMARY KEY AUTOINCREMENT,
    user_id INTEGER REFERENCES auth_user (id) ON DELETE CASCADE,
    created_on TIMESTAMP,
    service CHAR(512),
    ticket CHAR(512),
    renew CHAR(1)
);
success!
timestamp: 2012-11-07T22:15:56.137871
CREATE TABLE shooters(
    id INTEGER PRIMARY KEY AUTOINCREMENT,
    first_name CHAR(512),
    last_name CHAR(512)
);
success!
timestamp: 2012-11-07T22:16:54.316274
CREATE TABLE weapon_types(
    id INTEGER PRIMARY KEY AUTOINCREMENT,
    name CHAR(512),
    default_target_size INTEGER,
    picture BLOB,
    default_round_size INTEGER
);
success!
timestamp: 2012-11-07T22:16:54.957324
CREATE TABLE shooters_weapons(
    id INTEGER PRIMARY KEY AUTOINCREMENT,
    shooter_id INTEGER,
    weapon_type_id INTEGER
);
success!
timestamp: 2012-11-07T22:16:55.243748
CREATE TABLE series(
    id INTEGER PRIMARY KEY AUTOINCREMENT,
    shooter_id INTEGER,
    timestamp TIMESTAMP,
    weapon_type_id INTEGER,
    target_size INTEGER,
    target_distance INTEGER,
    round_size INTEGER
);
success!
timestamp: 2012-11-07T22:16:55.410401
CREATE TABLE round(
    id INTEGER PRIMARY KEY AUTOINCREMENT,
    series_id INTEGER
);
success!
timestamp: 2012-11-07T22:16:55.577053
CREATE TABLE result(
    id INTEGER PRIMARY KEY AUTOINCREMENT,
    score INTEGER,
    round_id INTEGER
);
success!
